{"name": "test_verify_home_page_header[chrome]", "status": "failed", "statusDetails": {"message": "AssertionError: assert 'PRODUCTS' == 'PRODUCTSs'\n  - PRODUCTSs\n  ?         -\n  + PRODUCTS", "trace": "self = <Tests.test_HomePage.Test_Home object at 0x000002321B599540>\n\n    @pytest.mark.order(2)\n    def test_verify_home_page_header(self):\n        self.loginPage = LoginPage(self.driver)\n        homePage = self.loginPage.do_login()\n        header = homePage.get_header_value()\n        allure.attach(self.driver.get_screenshot_as_png(), attachment_type=AttachmentType.JPG)\n>       assert header == TestData.HOME_PAGE_HEADER\nE       AssertionError: assert 'PRODUCTS' == 'PRODUCTSs'\nE         - PRODUCTSs\nE         ?         -\nE         + PRODUCTS\n\nTests\\test_HomePage.py:29: AssertionError"}, "attachments": [{"source": "0133467d-5744-4557-a510-bb79fe312f69-attachment.jpg", "type": "image/jpg"}, {"name": "log", "source": "4bc6706c-0e43-4db4-9bd8-9c6f08484cf9-attachment.txt", "type": "text/plain"}, {"name": "stderr", "source": "1a5a2753-66fd-4b67-a8fc-1932dd20afc1-attachment.txt", "type": "text/plain"}], "parameters": [{"name": "init_driver", "value": "'chrome'"}], "start": 1648464312375, "stop": 1648464313872, "uuid": "8c26efb1-5331-4380-aa81-2902d0c26dac", "historyId": "c6426d6ed5d80f4c669bfa9dc01d9d90", "testCaseId": "94ee72bad9a1df76ccd9330f6a928ae3", "fullName": "Tests.test_HomePage.Test_Home#test_verify_home_page_header", "labels": [{"name": "tag", "value": "order(2)"}, {"name": "tag", "value": "@pytest.mark.usefixtures('init_driver')"}, {"name": "parentSuite", "value": "Tests"}, {"name": "suite", "value": "test_HomePage"}, {"name": "subSuite", "value": "Test_Home"}, {"name": "host", "value": "MSDT120"}, {"name": "thread", "value": "4656-MainThread"}, {"name": "framework", "value": "pytest"}, {"name": "language", "value": "cpython3"}, {"name": "package", "value": "Tests.test_HomePage"}]}